<?xml version="1.0" encoding="UTF-8"?>
<!-- Generated by org.testng.reporters.JUnitXMLReporter -->
<testsuite hostname="PTALPALL-LAP" ignored="0" name="Login Test" tests="2" failures="0" timestamp="12 Oct 2018 02:15:22 GMT" time="21.075" errors="0">
  <testcase name="fnLoginTest2" time="21.008" classname="com.oracle.rsys.TestCases.LoginToQA1Test"/>
  <testcase name="fnLoginTest2" time="0.001" classname="com.oracle.rsys.TestCases.LoginToQA1Test">
    <skipped/>
  </testcase> <!-- fnLoginTest2 -->
</testsuite> <!-- Login Test -->
