<?xml version="1.0" encoding="UTF-8"?>
<!-- Generated by org.testng.reporters.JUnitXMLReporter -->
<testsuite hostname="PTALPALL-LAP" ignored="0" name="LoginToQA1Test" tests="2" failures="1" timestamp="22 Oct 2018 11:20:14 GMT" time="0.079" errors="0">
  <testcase name="@AfterMethod quit" time="0.002" classname="com.oracle.rsys.TestCases.LoginToQA1Test">
    <failure type="java.lang.NullPointerException">
      <![CDATA[java.lang.NullPointerException
at com.relevantcodes.extentreports.Report.finalizeTest(Report.java:364)
at com.relevantcodes.extentreports.ExtentReports.endTest(ExtentReports.java:830)
at com.oracle.rsys.TestCases.LoginToQA1Test.quit(LoginToQA1Test.java:77)
at java.util.concurrent.FutureTask.run(FutureTask.java:266)
at java.util.concurrent.ThreadPoolExecutor.runWorker(ThreadPoolExecutor.java:1149)
at java.util.concurrent.ThreadPoolExecutor$Worker.run(ThreadPoolExecutor.java:624)
at java.lang.Thread.run(Thread.java:748)
... Removed 19 stack frames]]>
    </failure>
  </testcase> <!-- @AfterMethod quit -->
  <testcase name="@AfterMethod quit" time="0.0" classname="com.oracle.rsys.TestCases.LoginToQA1Test">
    <skipped/>
  </testcase> <!-- @AfterMethod quit -->
  <testcase name="fnLoginTest2" time="0.02" classname="com.oracle.rsys.TestCases.LoginToQA1Test">
    <failure type="java.lang.NullPointerException">
      <![CDATA[java.lang.NullPointerException
at com.relevantcodes.extentreports.model.Test.trackLastRunStatus(Test.java:390)
at com.relevantcodes.extentreports.ExtentTest.log(ExtentTest.java:102)
at com.relevantcodes.extentreports.ExtentTest.log(ExtentTest.java:188)
at com.oracle.rsys.BaseTest.BaseTestClass.fnInit(BaseTestClass.java:78)
at com.oracle.rsys.TestCases.LoginToQA1Test.fnLoginTest2(LoginToQA1Test.java:59)
at java.util.concurrent.FutureTask.run(FutureTask.java:266)
at java.util.concurrent.ThreadPoolExecutor.runWorker(ThreadPoolExecutor.java:1149)
at java.util.concurrent.ThreadPoolExecutor$Worker.run(ThreadPoolExecutor.java:624)
at java.lang.Thread.run(Thread.java:748)
... Removed 16 stack frames]]>
    </failure>
  </testcase> <!-- fnLoginTest2 -->
  <testcase name="fnLoginTest2" time="0.0" classname="com.oracle.rsys.TestCases.LoginToQA1Test">
    <skipped/>
  </testcase> <!-- fnLoginTest2 -->
</testsuite> <!-- LoginToQA1Test -->
