<?xml version="1.0" encoding="UTF-8"?>
<testsuite xmlns:xsi="http://www.w3.org/2001/XMLSchema-instance" xsi:noNamespaceSchemaLocation="https://maven.apache.org/surefire/maven-surefire-plugin/xsd/surefire-test-report.xsd" name="TestSuite" time="2.178" tests="6" errors="0" skipped="2" failures="4">
  <properties>
[...]
</properties>
  <testcase name="fnLoginTest2" classname="com.oracle.rsys.TestCases.LoginToQA1Test" time="0.034">
    <failure type="java.lang.NullPointerException">java.lang.NullPointerException
	at com.oracle.rsys.TestCases.LoginToQA1Test.fnLoginTest2(LoginToQA1Test.java:59)
</failure>
    <system-out><![CDATA[Test starts at row :1
Total number of rows this test case has is : 2
Total number of columns this test case has is : 3
Key is : RunMode
Value is : Y
Key is : Username
Value is : SysAdmin
Key is : Password
Value is : Welcome1234!
Key is : RunMode
Value is : N
Key is : Username
Value is : SysAdmin
Key is : Password
Value is : Welcome1234%
D:\Pavan\Learn\Selenium\MySeleniumWorkspace\com.oracle.rsys.POMWithMaven
D:\Pavan\Learn\Selenium\MySeleniumWorkspace\com.oracle.rsys.POMWithMaven
Chrome
Chrome
]]></system-out>
  </testcase>
  <testcase name="fnLoginTest2" classname="com.oracle.rsys.TestCases.LoginToQA1Test" time="0">
    <skipped/>
  </testcase>
  <testcase name="fnSampleProgramPublishTest" classname="com.oracle.rsys.TestCases.CreateAProgramAndPublishTest" time="0.036">
    <failure type="java.lang.NullPointerException">java.lang.NullPointerException
	at com.oracle.rsys.TestCases.CreateAProgramAndPublishTest.fnSampleProgramPublishTest(CreateAProgramAndPublishTest.java:60)
</failure>
  </testcase>
  <testcase name="quit" classname="com.oracle.rsys.TestCases.LoginToQA1Test" time="0.036">
    <failure type="java.lang.NullPointerException">java.lang.NullPointerException
	at com.oracle.rsys.TestCases.LoginToQA1Test.quit(LoginToQA1Test.java:77)
</failure>
  </testcase>
  <testcase name="quit" classname="com.oracle.rsys.TestCases.LoginToQA1Test" time="0">
    <skipped/>
  </testcase>
  <testcase name="quit" classname="com.oracle.rsys.TestCases.CreateAProgramAndPublishTest" time="0.632">
    <failure type="java.lang.NullPointerException">java.lang.NullPointerException
	at com.oracle.rsys.TestCases.CreateAProgramAndPublishTest.quit(CreateAProgramAndPublishTest.java:112)
</failure>
    <system-err><![CDATA[Oct 22, 2018 4:50:14 PM freemarker.log._JULLoggerFactory$JULLogger error
SEVERE: Error executing FreeMarker template
FreeMarker template error:
The following has evaluated to null or missing:
==> log  [in template "Extent.ftl" at line 348, column 157]

----
Tip: If the failing expression is known to be legally refer to something that's sometimes null or missing, either specify a default value like myOptionalVar!myDefault, or use <#if myOptionalVar??>when-present<#else>when-missing</#if>. (These only cover the last step of the expression; to cover the whole expression, use parenthesis: (myOptionalVar.foo)!myDefault, (myOptionalVar.foo)??
----

----
FTL stack trace ("~" means nesting-related):
	- Failed at: ${log.logStatus}  [in template "Extent.ftl" at line 348, column 155]
----

Java stack trace (for programmers):
----
freemarker.core.InvalidReferenceException: [... Exception message was already printed; see it above ...]
	at freemarker.core.InvalidReferenceException.getInstance(InvalidReferenceException.java:131)
	at freemarker.core.UnexpectedTypeException.newDesciptionBuilder(UnexpectedTypeException.java:77)
	at freemarker.core.UnexpectedTypeException.<init>(UnexpectedTypeException.java:40)
	at freemarker.core.NonHashException.<init>(NonHashException.java:46)
	at freemarker.core.Dot._eval(Dot.java:45)
	at freemarker.core.Expression.eval(Expression.java:78)
	at freemarker.core.Expression.evalAndCoerceToString(Expression.java:82)
	at freemarker.core.DollarVariable.accept(DollarVariable.java:41)
	at freemarker.core.Environment.visit(Environment.java:324)
	at freemarker.core.MixedContent.accept(MixedContent.java:54)
	at freemarker.core.Environment.visitByHiddingParent(Environment.java:345)
	at freemarker.core.IteratorBlock$IterationContext.executeNestedBlockInner(IteratorBlock.java:268)
	at freemarker.core.IteratorBlock$IterationContext.executeNestedBlock(IteratorBlock.java:220)
	at freemarker.core.IteratorBlock$IterationContext.accept(IteratorBlock.java:194)
	at freemarker.core.Environment.visitIteratorBlock(Environment.java:572)
	at freemarker.core.IteratorBlock.acceptWithResult(IteratorBlock.java:78)
	at freemarker.core.IteratorBlock.accept(IteratorBlock.java:64)
	at freemarker.core.Environment.visit(Environment.java:324)
	at freemarker.core.MixedContent.accept(MixedContent.java:54)
	at freemarker.core.Environment.visitByHiddingParent(Environment.java:345)
	at freemarker.core.IteratorBlock$IterationContext.executeNestedBlockInner(IteratorBlock.java:268)
	at freemarker.core.IteratorBlock$IterationContext.executeNestedBlock(IteratorBlock.java:220)
	at freemarker.core.IteratorBlock$IterationContext.accept(IteratorBlock.java:194)
	at freemarker.core.Environment.visitIteratorBlock(Environment.java:572)
	at freemarker.core.IteratorBlock.acceptWithResult(IteratorBlock.java:78)
	at freemarker.core.IteratorBlock.accept(IteratorBlock.java:64)
	at freemarker.core.Environment.visit(Environment.java:324)
	at freemarker.core.MixedContent.accept(MixedContent.java:54)
	at freemarker.core.Environment.visit(Environment.java:324)
	at freemarker.core.Environment.process(Environment.java:302)
	at freemarker.template.Template.process(Template.java:325)
	at com.relevantcodes.extentreports.HTMLReporter.flush(HTMLReporter.java:173)
	at com.relevantcodes.extentreports.Report.flush(Report.java:468)
	at com.relevantcodes.extentreports.ExtentReports.flush(ExtentReports.java:900)
	at com.oracle.rsys.TestCases.CreateAProgramAndPublishTest.quit(CreateAProgramAndPublishTest.java:109)
	at sun.reflect.NativeMethodAccessorImpl.invoke0(Native Method)
	at sun.reflect.NativeMethodAccessorImpl.invoke(NativeMethodAccessorImpl.java:62)
	at sun.reflect.DelegatingMethodAccessorImpl.invoke(DelegatingMethodAccessorImpl.java:43)
	at java.lang.reflect.Method.invoke(Method.java:498)
	at org.testng.internal.MethodInvocationHelper.invokeMethod(MethodInvocationHelper.java:124)
	at org.testng.internal.MethodInvocationHelper.invokeMethodConsideringTimeout(MethodInvocationHelper.java:59)
	at org.testng.internal.Invoker.invokeConfigurationMethod(Invoker.java:458)
	at org.testng.internal.Invoker.invokeConfigurations(Invoker.java:222)
	at org.testng.internal.Invoker.invokeMethod(Invoker.java:646)
	at org.testng.internal.Invoker.invokeTestMethod(Invoker.java:719)
	at org.testng.internal.Invoker.invokeTestMethods(Invoker.java:989)
	at org.testng.internal.TestMethodWorker.invokeTestMethods(TestMethodWorker.java:125)
	at org.testng.internal.TestMethodWorker.run(TestMethodWorker.java:109)
	at org.testng.TestRunner.privateRun(TestRunner.java:648)
	at org.testng.TestRunner.run(TestRunner.java:505)
	at org.testng.SuiteRunner.runTest(SuiteRunner.java:455)
	at org.testng.SuiteRunner.access$000(SuiteRunner.java:40)
	at org.testng.SuiteRunner$SuiteWorker.run(SuiteRunner.java:489)
	at org.testng.internal.thread.ThreadUtil$1.call(ThreadUtil.java:52)
	at java.util.concurrent.FutureTask.run(FutureTask.java:266)
	at java.util.concurrent.ThreadPoolExecutor.runWorker(ThreadPoolExecutor.java:1149)
	at java.util.concurrent.ThreadPoolExecutor$Worker.run(ThreadPoolExecutor.java:624)
	at java.lang.Thread.run(Thread.java:748)

FreeMarker template error:
The following has evaluated to null or missing:
==> log  [in template "Extent.ftl" at line 348, column 157]

----
Tip: If the failing expression is known to be legally refer to something that's sometimes null or missing, either specify a default value like myOptionalVar!myDefault, or use <#if myOptionalVar??>when-present<#else>when-missing</#if>. (These only cover the last step of the expression; to cover the whole expression, use parenthesis: (myOptionalVar.foo)!myDefault, (myOptionalVar.foo)??
----

----
FTL stack trace ("~" means nesting-related):
	- Failed at: ${log.logStatus}  [in template "Extent.ftl" at line 348, column 155]
----

Java stack trace (for programmers):
----
freemarker.core.InvalidReferenceException: [... Exception message was already printed; see it above ...]
	at freemarker.core.InvalidReferenceException.getInstance(InvalidReferenceException.java:131)
	at freemarker.core.UnexpectedTypeException.newDesciptionBuilder(UnexpectedTypeException.java:77)
	at freemarker.core.UnexpectedTypeException.<init>(UnexpectedTypeException.java:40)
	at freemarker.core.NonHashException.<init>(NonHashException.java:46)
	at freemarker.core.Dot._eval(Dot.java:45)
	at freemarker.core.Expression.eval(Expression.java:78)
	at freemarker.core.Expression.evalAndCoerceToString(Expression.java:82)
	at freemarker.core.DollarVariable.accept(DollarVariable.java:41)
	at freemarker.core.Environment.visit(Environment.java:324)
	at freemarker.core.MixedContent.accept(MixedContent.java:54)
	at freemarker.core.Environment.visitByHiddingParent(Environment.java:345)
	at freemarker.core.IteratorBlock$IterationContext.executeNestedBlockInner(IteratorBlock.java:268)
	at freemarker.core.IteratorBlock$IterationContext.executeNestedBlock(IteratorBlock.java:220)
	at freemarker.core.IteratorBlock$IterationContext.accept(IteratorBlock.java:194)
	at freemarker.core.Environment.visitIteratorBlock(Environment.java:572)
	at freemarker.core.IteratorBlock.acceptWithResult(IteratorBlock.java:78)
	at freemarker.core.IteratorBlock.accept(IteratorBlock.java:64)
	at freemarker.core.Environment.visit(Environment.java:324)
	at freemarker.core.MixedContent.accept(MixedContent.java:54)
	at freemarker.core.Environment.visitByHiddingParent(Environment.java:345)
	at freemarker.core.IteratorBlock$IterationContext.executeNestedBlockInner(IteratorBlock.java:268)
	at freemarker.core.IteratorBlock$IterationContext.executeNestedBlock(IteratorBlock.java:220)
	at freemarker.core.IteratorBlock$IterationContext.accept(IteratorBlock.java:194)
	at freemarker.core.Environment.visitIteratorBlock(Environment.java:572)
	at freemarker.core.IteratorBlock.acceptWithResult(IteratorBlock.java:78)
	at freemarker.core.IteratorBlock.accept(IteratorBlock.java:64)
	at freemarker.core.Environment.visit(Environment.java:324)
	at freemarker.core.MixedContent.accept(MixedContent.java:54)
	at freemarker.core.Environment.visit(Environment.java:324)
	at freemarker.core.Environment.process(Environment.java:302)
	at freemarker.template.Template.process(Template.java:325)
	at com.relevantcodes.extentreports.HTMLReporter.flush(HTMLReporter.java:173)
	at com.relevantcodes.extentreports.Report.flush(Report.java:468)
	at com.relevantcodes.extentreports.ExtentReports.flush(ExtentReports.java:900)
	at com.oracle.rsys.TestCases.CreateAProgramAndPublishTest.quit(CreateAProgramAndPublishTest.java:109)
	at sun.reflect.NativeMethodAccessorImpl.invoke0(Native Method)
	at sun.reflect.NativeMethodAccessorImpl.invoke(NativeMethodAccessorImpl.java:62)
	at sun.reflect.DelegatingMethodAccessorImpl.invoke(DelegatingMethodAccessorImpl.java:43)
	at java.lang.reflect.Method.invoke(Method.java:498)
	at org.testng.internal.MethodInvocationHelper.invokeMethod(MethodInvocationHelper.java:124)
	at org.testng.internal.MethodInvocationHelper.invokeMethodConsideringTimeout(MethodInvocationHelper.java:59)
	at org.testng.internal.Invoker.invokeConfigurationMethod(Invoker.java:458)
	at org.testng.internal.Invoker.invokeConfigurations(Invoker.java:222)
	at org.testng.internal.Invoker.invokeMethod(Invoker.java:646)
	at org.testng.internal.Invoker.invokeTestMethod(Invoker.java:719)
	at org.testng.internal.Invoker.invokeTestMethods(Invoker.java:989)
	at org.testng.internal.TestMethodWorker.invokeTestMethods(TestMethodWorker.java:125)
	at org.testng.internal.TestMethodWorker.run(TestMethodWorker.java:109)
	at org.testng.TestRunner.privateRun(TestRunner.java:648)
	at org.testng.TestRunner.run(TestRunner.java:505)
	at org.testng.SuiteRunner.runTest(SuiteRunner.java:455)
	at org.testng.SuiteRunner.access$000(SuiteRunner.java:40)
	at org.testng.SuiteRunner$SuiteWorker.run(SuiteRunner.java:489)
	at org.testng.internal.thread.ThreadUtil$1.call(ThreadUtil.java:52)
	at java.util.concurrent.FutureTask.run(FutureTask.java:266)
	at java.util.concurrent.ThreadPoolExecutor.runWorker(ThreadPoolExecutor.java:1149)
	at java.util.concurrent.ThreadPoolExecutor$Worker.run(ThreadPoolExecutor.java:624)
	at java.lang.Thread.run(Thread.java:748)
java.lang.NullPointerException
	at java.io.Writer.write(Writer.java:157)
	at com.relevantcodes.extentreports.utils.Writer.write(Writer.java:21)
	at com.relevantcodes.extentreports.HTMLReporter.flush(HTMLReporter.java:186)
	at com.relevantcodes.extentreports.Report.flush(Report.java:468)
	at com.relevantcodes.extentreports.ExtentReports.flush(ExtentReports.java:900)
	at com.oracle.rsys.TestCases.CreateAProgramAndPublishTest.quit(CreateAProgramAndPublishTest.java:109)
	at sun.reflect.NativeMethodAccessorImpl.invoke0(Native Method)
	at sun.reflect.NativeMethodAccessorImpl.invoke(NativeMethodAccessorImpl.java:62)
	at sun.reflect.DelegatingMethodAccessorImpl.invoke(DelegatingMethodAccessorImpl.java:43)
	at java.lang.reflect.Method.invoke(Method.java:498)
	at org.testng.internal.MethodInvocationHelper.invokeMethod(MethodInvocationHelper.java:124)
	at org.testng.internal.MethodInvocationHelper.invokeMethodConsideringTimeout(MethodInvocationHelper.java:59)
	at org.testng.internal.Invoker.invokeConfigurationMethod(Invoker.java:458)
	at org.testng.internal.Invoker.invokeConfigurations(Invoker.java:222)
	at org.testng.internal.Invoker.invokeMethod(Invoker.java:646)
	at org.testng.internal.Invoker.invokeTestMethod(Invoker.java:719)
	at org.testng.internal.Invoker.invokeTestMethods(Invoker.java:989)
	at org.testng.internal.TestMethodWorker.invokeTestMethods(TestMethodWorker.java:125)
	at org.testng.internal.TestMethodWorker.run(TestMethodWorker.java:109)
	at org.testng.TestRunner.privateRun(TestRunner.java:648)
	at org.testng.TestRunner.run(TestRunner.java:505)
	at org.testng.SuiteRunner.runTest(SuiteRunner.java:455)
	at org.testng.SuiteRunner.access$000(SuiteRunner.java:40)
	at org.testng.SuiteRunner$SuiteWorker.run(SuiteRunner.java:489)
	at org.testng.internal.thread.ThreadUtil$1.call(ThreadUtil.java:52)
	at java.util.concurrent.FutureTask.run(FutureTask.java:266)
	at java.util.concurrent.ThreadPoolExecutor.runWorker(ThreadPoolExecutor.java:1149)
	at java.util.concurrent.ThreadPoolExecutor$Worker.run(ThreadPoolExecutor.java:624)
	at java.lang.Thread.run(Thread.java:748)
]]></system-err>
  </testcase>
</testsuite>